
Error recived with page http://localhost:5000/devolopment
Error recived with page http://localhost:5000/devolopment
Error recived with page http://localhost:5000/devolopment
Error recived with page http://localhost:5000/devolopment
Error recived with page http://localhost:5000/devolopment
Error recived with page http://localhost:5000/devolopment
Error recived with page http://localhost:5000/devolopment
Error recived with page http://localhost:5000/devolopment
Error recived with page http://localhost:5000/devolopment
Error recived with page http://localhost:5000/assets/0.9ea810748d3228b3f130.css
Error recived with page http://localhost:5000/assets/11ebd3cd1712fe17b647d846559d7559.svg
Error recived with page http://localhost:5000/assets/b34333fd9a7528b3886a.js
Error recived with page http://localhost:5000/assets/1e327959ac381467a445.js
Error recived with page http://localhost:5000/assets/2a2b7990f5e30adf493e.js
Error recived with page http://localhost:5000/assets/d70fa33128cb72c4092abac7a0d25ed2.svg
Error recived with page http://localhost:5000/assets/7df86467c3079db32f8a48aeadc450ca.svg
Error recived with page http://localhost:5000/assets/4bdac631250f5f9e8a4b928d5efa22c8.svg
Error recived with page http://localhost:5000/assets/6623b6310d590ec9be669189f4aa813a.svg
Error recived with page http://localhost:5000/assets/94acf432b564660994742251c2a5f222.svg
Error recived with page http://localhost:5000/assets/1d9b04db64569bf18409a59a32ffd256.svg
Error recived with page http://localhost:5000/assets/beb557bf6fce2373c59accc0931c9567.svg
Error recived with page http://localhost:5000/assets/690c2345bcaaaa50b71548231a26b696.svg
Error recived with page http://localhost:5000/assets/092d86847152cc1297e50ac02e28baf5.svg
Error recived with page http://localhost:5000/assets/5fadc604cb12da892e196e6dbf20e2a6.svg
Error recived with page http://localhost:5000/assets/7ed9683436331d4a3434ca9fa64b5859.svg
Error recived with page http://localhost:5000/assets/f8c67d821e5f44619258319a4ecdf84d.svg
Error recived with page http://localhost:5000/assets/6e95d39708991a81004b77a5282160c6.svg
Error recived with page http://localhost:5000/assets/5cc3db60569965c8bd92a05f6cb09b8d.svg
Error recived with page http://localhost:5000/assets/31fde13d3508b8ddb01cf817ad09c690.svg
Error recived with page http://localhost:5000/assets/a6f749bbe52f6e75c8735c5075bfc4a4.svg
Error recived with page http://localhost:5000/assets/fb628c7d1e7b604e841e10e289148659.svg
Error recived with page http://localhost:5000/assets/9c0629769616f9629689a0e68a2e57b7.svg
Error recived with page http://localhost:5000/assets/edaebb01cd24df779f6feae9a34bd7d8.svg
Error recived with page http://localhost:5000/assets/e92fcc9ab6e63c1a17e954af347a1f1d.svg
Error recived with page http://localhost:5000/assets/7b01f72a2054561145b6dd04add417c0.svg
Error recived with page http://localhost:5000/assets/c01c644bc9fa2a28678ae2f44969d248.svg
Error recived with page http://localhost:5000/assets/98c9edf635a98377ec579aaa19ed47be.svg
Error recived with page http://localhost:5000/assets/9184fcadc2e3c84650dd4b075850d3d6.svg
Error recived with page http://localhost:5000/assets/f61264d792fd2556a618c95d97b5de07.svg
Error recived with page http://localhost:5000/assets/a188414ce83f2454b9d71a47c3d95909.svg
Error recived with page http://localhost:5000/assets/779a770c34fcb823a598a7277301adaf.svg
Error recived with page http://localhost:5000/assets/07dca80a102d4149e9736d4b162cff6f.ico
Error recived with page http://localhost:5000/assets
Error recived with page http://localhost:5000/assets/07dca80a102d4149e9736d4b162cff6f.ico
Error recived with page http://localhost:5000/assets/0.9ea810748d3228b3f130.css
Error recived with page http://localhost:5000/assets/11ebd3cd1712fe17b647d846559d7559.svg
Error recived with page http://localhost:5000/assets/b34333fd9a7528b3886a.js
Error recived with page http://localhost:5000/assets/2a2b7990f5e30adf493e.js
Error recived with page http://localhost:5000/assets/1e327959ac381467a445.js
Error recived with page http://localhost:5000/assets/d70fa33128cb72c4092abac7a0d25ed2.svg
Error recived with page http://localhost:5000/assets/6623b6310d590ec9be669189f4aa813a.svg
Error recived with page http://localhost:5000/assets/7df86467c3079db32f8a48aeadc450ca.svg
Error recived with page http://localhost:5000/assets/4bdac631250f5f9e8a4b928d5efa22c8.svg
Error recived with page http://localhost:5000/assets/94acf432b564660994742251c2a5f222.svg
Error recived with page http://localhost:5000/assets/1d9b04db64569bf18409a59a32ffd256.svg
Error recived with page http://localhost:5000/assets/beb557bf6fce2373c59accc0931c9567.svg
Error recived with page http://localhost:5000/assets/690c2345bcaaaa50b71548231a26b696.svg
Error recived with page http://localhost:5000/assets/092d86847152cc1297e50ac02e28baf5.svg
Error recived with page http://localhost:5000/assets/5fadc604cb12da892e196e6dbf20e2a6.svg
Error recived with page http://localhost:5000/assets/7ed9683436331d4a3434ca9fa64b5859.svg
Error recived with page http://localhost:5000/assets/f8c67d821e5f44619258319a4ecdf84d.svg
Error recived with page http://localhost:5000/assets/6e95d39708991a81004b77a5282160c6.svg
Error recived with page http://localhost:5000/assets/5cc3db60569965c8bd92a05f6cb09b8d.svg
Error recived with page http://localhost:5000/assets/31fde13d3508b8ddb01cf817ad09c690.svg
Error recived with page http://localhost:5000/assets/a6f749bbe52f6e75c8735c5075bfc4a4.svg
Error recived with page http://localhost:5000/assets/fb628c7d1e7b604e841e10e289148659.svg
Error recived with page http://localhost:5000/assets/2a2b7990f5e30adf493e.js
Error recived with page http://localhost:5000/assets/9c0629769616f9629689a0e68a2e57b7.svg
Error recived with page http://localhost:5000/assets/edaebb01cd24df779f6feae9a34bd7d8.svg
Error recived with page http://localhost:5000/assets/e92fcc9ab6e63c1a17e954af347a1f1d.svg
Error recived with page http://localhost:5000/assets/7b01f72a2054561145b6dd04add417c0.svg
Error recived with page http://localhost:5000/assets/c01c644bc9fa2a28678ae2f44969d248.svg
Error recived with page http://localhost:5000/assets/98c9edf635a98377ec579aaa19ed47be.svg
Error recived with page http://localhost:5000/assets/9184fcadc2e3c84650dd4b075850d3d6.svg
Error recived with page http://localhost:5000/assets/f61264d792fd2556a618c95d97b5de07.svg
Error recived with page http://localhost:5000/assets/a188414ce83f2454b9d71a47c3d95909.svg
Error recived with page http://localhost:5000/assets/779a770c34fcb823a598a7277301adaf.svg
Error recived with page http://localhost:5000/assets/07dca80a102d4149e9736d4b162cff6f.ico
Error recived with page http://localhost:5000/assets/0.9ea810748d3228b3f130.css
Error recived with page http://localhost:5000/assets/11ebd3cd1712fe17b647d846559d7559.svg
Error recived with page http://localhost:5000/assets/0.9ea810748d3228b3f130.css
Error recived with page http://localhost:5000/assets/b34333fd9a7528b3886a.js
Error recived with page http://localhost:5000/assets/1e327959ac381467a445.js
Error recived with page http://localhost:5000/assets/2a2b7990f5e30adf493e.js
Error recived with page http://localhost:5000/assets/d70fa33128cb72c4092abac7a0d25ed2.svg
Error recived with page http://localhost:5000/assets/7df86467c3079db32f8a48aeadc450ca.svg
Error recived with page http://localhost:5000/assets/4bdac631250f5f9e8a4b928d5efa22c8.svg
Error recived with page http://localhost:5000/assets/6623b6310d590ec9be669189f4aa813a.svg
Error recived with page http://localhost:5000/assets/fb628c7d1e7b604e841e10e289148659.svg
Error recived with page http://localhost:5000/assets/6e95d39708991a81004b77a5282160c6.svg
Error recived with page http://localhost:5000/assets/9c0629769616f9629689a0e68a2e57b7.svg
Error recived with page http://localhost:5000/assets/5fadc604cb12da892e196e6dbf20e2a6.svg
Error recived with page http://localhost:5000/assets/c01c644bc9fa2a28678ae2f44969d248.svg
Error recived with page http://localhost:5000/assets/beb557bf6fce2373c59accc0931c9567.svg
Error recived with page http://localhost:5000/assets/31fde13d3508b8ddb01cf817ad09c690.svg
Error recived with page http://localhost:5000/assets/1d9b04db64569bf18409a59a32ffd256.svg
Error recived with page http://localhost:5000/assets/5cc3db60569965c8bd92a05f6cb09b8d.svg
Error recived with page http://localhost:5000/assets/7b01f72a2054561145b6dd04add417c0.svg
Error recived with page http://localhost:5000/assets/edaebb01cd24df779f6feae9a34bd7d8.svg
Error recived with page http://localhost:5000/assets/7ed9683436331d4a3434ca9fa64b5859.svg
Error recived with page http://localhost:5000/assets/f8c67d821e5f44619258319a4ecdf84d.svg
Error recived with page http://localhost:5000/assets/a6f749bbe52f6e75c8735c5075bfc4a4.svg
Error recived with page http://localhost:5000/assets/690c2345bcaaaa50b71548231a26b696.svg
Error recived with page http://localhost:5000/assets/94acf432b564660994742251c2a5f222.svg
Error recived with page http://localhost:5000/assets/e92fcc9ab6e63c1a17e954af347a1f1d.svg
Error recived with page http://localhost:5000/assets/092d86847152cc1297e50ac02e28baf5.svg
Error recived with page http://localhost:5000/assets/9184fcadc2e3c84650dd4b075850d3d6.svg
Error recived with page http://localhost:5000/assets/98c9edf635a98377ec579aaa19ed47be.svg
Error recived with page http://localhost:5000/assets/a188414ce83f2454b9d71a47c3d95909.svg
Error recived with page http://localhost:5000/assets/779a770c34fcb823a598a7277301adaf.svg
Error recived with page http://localhost:5000/assets/f61264d792fd2556a618c95d97b5de07.svg
Error recived with page http://localhost:5000/assets/07dca80a102d4149e9736d4b162cff6f.ico
Error recived with page http://localhost:5000/devolopment
Error recived with page http://localhost:5000/favicon.ico
Error recived with page http://localhost:5000/devolopment
Error recived with page http://localhost:5000/favicon.ico
Error recived with page http://localhost:5000/devolopment
Error recived with page http://localhost:5000/favicon.ico
Error recived with page http://localhost:5000/devolopment
Error recived with page http://localhost:5000/favicon.ico
Error recived with page http://localhost:5000/devolopment
Error recived with page http://localhost:5000/favicon.ico
Error recived with page http://localhost:5000/devolopment
Error recived with page http://localhost:5000/favicon.ico
Error recived with page http://localhost:5000/devolopment
Error recived with page http://localhost:5000/favicon.ico
Error recived with page http://localhost:5000/devolopment
Error recived with page http://localhost:5000/favicon.ico
Error recived with page http://localhost:5000/devolopment
Error recived with page http://localhost:5000/favicon.ico
Error recived with page http://localhost:5000/devolopment
Error recived with page http://localhost:5000/favicon.ico
Error recived with page http://localhost:5000/devolopment
Error recived with page http://localhost:5000/favicon.ico
Error recived with page http://localhost:5000/devolopment
Error recived with page http://localhost:5000/favicon.ico
Error recived with page http://localhost:5000/devolopment
Error recived with page http://localhost:5000/favicon.ico
Error recived with page http://localhost:5000/devolopment
Error recived with page http://localhost:5000/favicon.ico
Error recived with page http://localhost:5000/devolopment
Error recived with page http://localhost:5000/favicon.ico
Error recived with page http://localhost:5000/devolopment
Error recived with page http://localhost:5000/favicon.ico
Error recived with page http://localhost:5000/
Error recived with page http://localhost:5000/counters/client-screenview
Error recived with page http://localhost:5000/timings/perf
Error recived with page http://localhost:5000/favicon.ico
Error recived with page http://localhost:5000/counters/client-screenview
Error recived with page http://localhost:5000/timings/mount
Error recived with page http://localhost:5000/timings/mount
Error recived with page http://localhost:5000/timings/rum
Error recived with page http://localhost:5000/timings/mount
Error recived with page http://localhost:5000/timings/mount
Error recived with page http://localhost:5000/timings/mount
Error recived with page http://localhost:5000/timings/mount
Error recived with page http://localhost:5000/timings/mount
Error recived with page http://localhost:5000/devolopment
Error recived with page http://localhost:5000/favicon.ico
Error recived with page http://localhost:5000/devolopment
Error recived with page http://localhost:5000/favicon.ico
Error recived with page http://localhost:5000/devolopment
Error recived with page http://localhost:5000/favicon.ico
Error recived with page http://localhost:5000/devolopment
Error recived with page http://localhost:5000/favicon.ico
Error recived with page http://localhost:5000/favicon.ico
Error recived with page http://localhost:5000/favicon.ico
Error recived with page http://localhost:5000/favicon.ico
Error recived with page http://localhost:5000/favicon.ico
Error recived with page http://localhost:5000/favicon.ico
Error recived with page http://localhost:5000/favicon.ico
Error recived with page http://localhost:5000/favicon.ico
Error recived with page http://localhost:5000/favicon.ico
Error recived with page http://localhost:5000/favicon.ico
Error recived with page http://localhost:5000/favicon.ico
Error recived with page http://localhost:5000/favicon.ico
Error recived with page http://localhost:5000/favicon.ico
Error recived with page http://localhost:5000/favicon.ico
Error recived with page http://localhost:5000/favicon.ico
Error recived with page http://localhost:5000/favicon.ico
Error recived with page http://localhost:5000/favicon.ico
Error recived with page http://localhost:5000/favicon.ico
Error recived with page http://localhost:5000/favicon.ico
Error recived with page http://localhost:5000/favicon.ico
Error recived with page http://localhost:5000/favicon.ico
Error recived with page http://localhost:5000/favicon.ico
Error recived with page http://localhost:5000/favicon.ico
Error recived with page http://localhost:5000/favicon.ico
Error recived with page http://localhost:5000/favicon.ico
Error recived with page http://localhost:5000/favicon.ico
Error recived with page http://localhost:5000/favicon.ico
Error recived with page http://localhost:5000/favicon.ico
Error recived with page http://localhost:5000/favicon.ico
Error recived with page http://localhost:5000/favicon.ico
Error recived with page http://localhost:5000/favicon.ico
Error recived with page http://localhost:5000/favicon.ico
Error recived with page http://localhost:5000/devolopment
Error recived with page http://localhost:5000/devolopment
Error recived with page http://127.0.0.1:5000/favicon.ico
Error recived with page http://localhost:5000/favicon.ico
Error recived with page http://127.0.0.1:5000/favicon.ico
Error recived with page http://127.0.0.1:5000/favicon.ico
Error recived with page http://b3b1b2cc-06d2-4b91-920d-95c0cdf52d8a.id.repl.co/
Error recived with page http://b3b1b2cc-06d2-4b91-920d-95c0cdf52d8a.id.repl.co/complete/search?q&cp=0&client=gws-wiz&xssi=t&gs_ri=gws-wiz&hl=en&authuser=0&psi=AcOrYMTjB8HdtAa4v6T4CQ.1621869313976&nolsbt=1&dpr=1
Error recived with page http://b3b1b2cc-06d2-4b91-920d-95c0cdf52d8a.id.repl.co/gen_204?atyp=i&ei=AcOrYMTjB8HdtAa4v6T4CQ&ct=slh&v=t1&pv=0.48112789780730436&me=9:1621869324114,V,0,0,0,0:7078,h,1,1,i:25,h,1,1,o:2620,h,1,1,i:487,h,1,1,o:364,e,H&zx=1621869334688
Error recived with page http://b3b1b2cc-06d2-4b91-920d-95c0cdf52d8a.id.repl.co/complete/search?q&cp=0&client=gws-wiz&xssi=t&gs_ri=gws-wiz&hl=en&authuser=0&psi=IMOrYNX2McG7tAbwzLQY.1621869345863&nolsbt=1&dpr=1
Error recived with page http://crappyproxy-2.timothyhay.repl.co/development
Error recived with page http://crappyproxy-2.timothyhay.repl.co/favicon.ico
Error recived with page http://localhost:8080/complete/search?q&cp=0&client=gws-wiz&xssi=t&gs_ri=gws-wiz&hl=en&authuser=0&psi=7XKsYLm2JZaJ-gSQkrugCA.1621914397965&nolsbt=1&dpr=1
Error recived with page http://localhost:8080/devolopment
Error recived with page http://localhost:8080/devolopment
Error recived with page http://localhost:8080/favicon.ico
Error recived with page http://localhost:8080/devolopment
Error recived with page http://localhost:8080/favicon.ico
Error recived with page http://localhost:8080/devolopment
Error recived with page http://localhost:8080/favicon.ico
Error recived with page http://0.0.0.0:8080/assets/0.2c0f30ac09ffa01b5b18.css
Error recived with page http://0.0.0.0:8080/assets/oneTrust/v2/scripttemplates/otSDKStub.js
Error recived with page http://0.0.0.0:8080/assets/af9c2efff957b33907690f80c8f00afe.svg
Error recived with page http://0.0.0.0:8080/assets/40441c34a574c2e14e2bd096f30b8f0e.svg
Error recived with page http://0.0.0.0:8080/assets/oneTrust/v2/scripttemplates/otSDKStub.js
Error recived with page http://0.0.0.0:8080/assets/45358de72373481fec174dc4594d8cf0.svg
Error recived with page http://0.0.0.0:8080/assets/46b2132c01604c9493d558de444929f4.svg
Error recived with page http://0.0.0.0:8080/assets/575a0322f3b36ca2fecb23ad2c6dd5ad.svg
Error recived with page http://0.0.0.0:8080/assets/98ea5b9e92e304c7d352ac462996adc5.svg
Error recived with page http://0.0.0.0:8080/assets/921b1ae33edca174b6ebe787bb8b6c3b.svg
Error recived with page http://0.0.0.0:8080/assets/a188414ce83f2454b9d71a47c3d95909.svg
Error recived with page http://0.0.0.0:8080/assets/779a770c34fcb823a598a7277301adaf.svg
Error recived with page http://0.0.0.0:8080/assets/2b987a49dc2eaf2a95c2.js
Error recived with page http://0.0.0.0:8080/assets/576b6ab5e92b0088105d.js
Error recived with page http://0.0.0.0:8080/assets/393016a595feee9dda27.js
Error recived with page http://0.0.0.0:8080/assets/1e1f25c2a6fe032f3297.js
Error recived with page http://0.0.0.0:8080/assets/71b51faf2c10ff502995.js
Error recived with page http://0.0.0.0:8080/assets/2494a1127c5eecfdb88f.js
Error recived with page http://0.0.0.0:8080/assets/d5b68662b2058242b24a.js
Error recived with page http://0.0.0.0:8080/assets/847541504914fd33810e70a0ea73177e.ico
Error recived with page http://0.0.0.0:8080/devolopment
Error recived with page http://0.0.0.0:8080/favicon.ico